GDRE Tools v2.4.0
Windows 10.0.26200, AMD Radeon(TM) Vega 8 Graphics, vulkan
Opening file: C:/Program Files (x86)/Steam/steamapps/common/Paper Lily - Chapter 1/PaperLilyCh1.exe
Guessing bytecode revision from engine version: 3.5.3 (rev 0xa7aad78)
Loaded 4 imported files
Detected Engine Version: 3.5.3
Detected Bytecode Revision: 3.5.0-stable (a7aad78)
Verified 552 files, no errors detected!
Extracted 552 files, no errors detected!
Unable to compile C# project; ensure that the project is built in the editor before making any changes.
Saved project config.


********************************EXPORT REPORT********************************

Totals:                                 
Decompiled scripts:                     488
Failed scripts:                         3
Imported resources for export session:  4
Successfully converted:                 4
Lossy:                                  0
Rewrote metadata:                       0
Non-importable conversions:             0
Not converted:                          0
Failed conversions:                     0
-------------



------------------------------------------------------------------------------------

Use Godot editor version 3.5.3 (Steam Mono edition) to edit the project.
GodotSteam can be found here: https://github.com/CoaguCo-Industries/GodotSteam/releases 
Note: the project may be using a custom version of Godot. Detection for this has not been implemented yet.
If you find that you have many non-import errors upon opening the project 
(i.e. scripts or shaders have many errors), use the original game's binary as the export template.

*******************************************************************************

